<?xml version="1.0" encoding="UTF-8"?>
<testng-results ignored="0" total="1" passed="1" failed="0" skipped="0">
  <reporter-output>
  </reporter-output>
  <suite started-at="2023-03-15T19:13:14 IST" name="Default suite" finished-at="2023-03-15T19:13:16 IST" duration-ms="2401">
    <groups>
    </groups>
    <test started-at="2023-03-15T19:13:14 IST" name="Default test" finished-at="2023-03-15T19:13:16 IST" duration-ms="2401">
      <class name="SeleniumPackage.LoginClass">
        <test-method signature="f()[pri:0, instance:SeleniumPackage.LoginClass@50b472aa]" started-at="2023-03-15T19:13:14 IST" name="f" finished-at="2023-03-15T19:13:16 IST" duration-ms="2373" status="PASS">
          <reporter-output>
          </reporter-output>
        </test-method> <!-- f -->
      </class> <!-- SeleniumPackage.LoginClass -->
    </test> <!-- Default test -->
  </suite> <!-- Default suite -->
</testng-results>
